  [1m[35m (336.3ms)[0m  [1m[35mCREATE DATABASE "blog-refactor_development" ENCODING = 'unicode'[0m
  ↳ bin/rails:9
  [1m[35m (349.7ms)[0m  [1m[35mCREATE DATABASE "blog-refactor_test" ENCODING = 'unicode'[0m
  ↳ bin/rails:9
  [1m[35m (5.4ms)[0m  [1m[35mCREATE TABLE "schema_migrations" ("version" character varying NOT NULL PRIMARY KEY)[0m
  ↳ bin/rails:9
  [1m[35m (5.0ms)[0m  [1m[35mCREATE TABLE "ar_internal_metadata" ("key" character varying NOT NULL PRIMARY KEY, "value" character varying, "created_at" timestamp NOT NULL, "updated_at" timestamp NOT NULL)[0m
  ↳ bin/rails:9
  [1m[35m (0.3ms)[0m  [1m[34mSELECT pg_try_advisory_lock(2639468993274051225)[0m
  ↳ bin/rails:9
  [1m[35m (0.5ms)[0m  [1m[34mSELECT "schema_migrations"."version" FROM "schema_migrations" ORDER BY "schema_migrations"."version" ASC[0m
  ↳ bin/rails:9
Migrating to CreateBlogs (20190325200547)
  [1m[35m (0.2ms)[0m  [1m[35mBEGIN[0m
  ↳ bin/rails:9
  [1m[35m (4.4ms)[0m  [1m[35mCREATE TABLE "blogs" ("id" bigserial primary key, "title" character varying, "body" text, "created_at" timestamp NOT NULL, "updated_at" timestamp NOT NULL)[0m
  ↳ db/migrate/20190325200547_create_blogs.rb:3
  [1m[36mActiveRecord::SchemaMigration Create (0.4ms)[0m  [1m[32mINSERT INTO "schema_migrations" ("version") VALUES ($1) RETURNING "version"[0m  [["version", "20190325200547"]]
  ↳ bin/rails:9
  [1m[35m (0.4ms)[0m  [1m[35mCOMMIT[0m
  ↳ bin/rails:9
  [1m[36mActiveRecord::InternalMetadata Load (0.4ms)[0m  [1m[34mSELECT  "ar_internal_metadata".* FROM "ar_internal_metadata" WHERE "ar_internal_metadata"."key" = $1 LIMIT $2[0m  [["key", "environment"], ["LIMIT", 1]]
  ↳ bin/rails:9
  [1m[35m (0.1ms)[0m  [1m[35mBEGIN[0m
  ↳ bin/rails:9
  [1m[36mActiveRecord::InternalMetadata Create (0.4ms)[0m  [1m[32mINSERT INTO "ar_internal_metadata" ("key", "value", "created_at", "updated_at") VALUES ($1, $2, $3, $4) RETURNING "key"[0m  [["key", "environment"], ["value", "development"], ["created_at", "2019-03-25 20:06:37.225662"], ["updated_at", "2019-03-25 20:06:37.225662"]]
  ↳ bin/rails:9
  [1m[35m (0.3ms)[0m  [1m[35mCOMMIT[0m
  ↳ bin/rails:9
  [1m[35m (0.2ms)[0m  [1m[34mSELECT pg_advisory_unlock(2639468993274051225)[0m
  ↳ bin/rails:9
  [1m[35m (0.2ms)[0m  [1m[34mSELECT "schema_migrations"."version" FROM "schema_migrations" ORDER BY "schema_migrations"."version" ASC[0m
  ↳ bin/rails:9
  [1m[35m (0.7ms)[0m  [1m[34mSELECT "schema_migrations"."version" FROM "schema_migrations" ORDER BY "schema_migrations"."version" ASC[0m
  ↳ bin/rails:9
  [1m[35m (0.1ms)[0m  [1m[35mBEGIN[0m
  ↳ db/seeds.rb:2
  [1m[36mBlog Create (0.7ms)[0m  [1m[32mINSERT INTO "blogs" ("title", "body", "created_at", "updated_at") VALUES ($1, $2, $3, $4) RETURNING "id"[0m  [["title", "Absorbing IX"], ["body", "People are different. People choose different criteria. But if there is a better way among many alternatives, I want to encourage that way by making it comfortable. So that's what I've tried to do."], ["created_at", "2019-03-25 20:15:38.513114"], ["updated_at", "2019-03-25 20:15:38.513114"]]
  ↳ db/seeds.rb:2
  [1m[35m (0.3ms)[0m  [1m[35mCOMMIT[0m
  ↳ db/seeds.rb:2
  [1m[35m (0.1ms)[0m  [1m[35mBEGIN[0m
  ↳ db/seeds.rb:2
  [1m[36mBlog Create (0.2ms)[0m  [1m[32mINSERT INTO "blogs" ("title", "body", "created_at", "updated_at") VALUES ($1, $2, $3, $4) RETURNING "id"[0m  [["title", "Agent Joker"], ["body", "I hope to see Ruby help every programmer in the world to be productive, and to enjoy programming, and to be happy. That is the primary purpose of Ruby language."], ["created_at", "2019-03-25 20:15:38.515486"], ["updated_at", "2019-03-25 20:15:38.515486"]]
  ↳ db/seeds.rb:2
  [1m[35m (0.3ms)[0m  [1m[35mCOMMIT[0m
  ↳ db/seeds.rb:2
  [1m[35m (0.1ms)[0m  [1m[35mBEGIN[0m
  ↳ db/seeds.rb:2
  [1m[36mBlog Create (0.2ms)[0m  [1m[32mINSERT INTO "blogs" ("title", "body", "created_at", "updated_at") VALUES ($1, $2, $3, $4) RETURNING "id"[0m  [["title", "Ultra Doc Samson"], ["body", "Ruby inherited the Perl philosophy of having more than one way to do the same thing. I inherited that philosophy from Larry Wall, who is my hero actually. I want to make Ruby users free. I want to give them the freedom to choose."], ["created_at", "2019-03-25 20:15:38.516905"], ["updated_at", "2019-03-25 20:15:38.516905"]]
  ↳ db/seeds.rb:2
  [1m[35m (0.2ms)[0m  [1m[35mCOMMIT[0m
  ↳ db/seeds.rb:2
  [1m[35m (0.1ms)[0m  [1m[35mBEGIN[0m
  ↳ db/seeds.rb:2
  [1m[36mBlog Create (0.2ms)[0m  [1m[32mINSERT INTO "blogs" ("title", "body", "created_at", "updated_at") VALUES ($1, $2, $3, $4) RETURNING "id"[0m  [["title", "Green Deathlok"], ["body", "Most programs are not write-once. They are reworked and rewritten again and again in their lived. Bugs must be debugged. Changing requirements and the need for increased functionality mean the program itself may be modified on an ongoing basis. During this process, human beings must be able to read and understand the original code. It is therefore more important by far for humans to be able to understand the program than it is for the computer."], ["created_at", "2019-03-25 20:15:38.518164"], ["updated_at", "2019-03-25 20:15:38.518164"]]
  ↳ db/seeds.rb:2
  [1m[35m (0.3ms)[0m  [1m[35mCOMMIT[0m
  ↳ db/seeds.rb:2
  [1m[35m (0.1ms)[0m  [1m[35mBEGIN[0m
  ↳ db/seeds.rb:2
  [1m[36mBlog Create (0.3ms)[0m  [1m[32mINSERT INTO "blogs" ("title", "body", "created_at", "updated_at") VALUES ($1, $2, $3, $4) RETURNING "id"[0m  [["title", "Feral"], ["body", "Plant a memory, plant a tree, do it today for tomorrow."], ["created_at", "2019-03-25 20:15:38.519485"], ["updated_at", "2019-03-25 20:15:38.519485"]]
  ↳ db/seeds.rb:2
  [1m[35m (0.3ms)[0m  [1m[35mCOMMIT[0m
  ↳ db/seeds.rb:2
  [1m[35m (0.1ms)[0m  [1m[35mBEGIN[0m
  ↳ db/seeds.rb:2
  [1m[36mBlog Create (0.2ms)[0m  [1m[32mINSERT INTO "blogs" ("title", "body", "created_at", "updated_at") VALUES ($1, $2, $3, $4) RETURNING "id"[0m  [["title", "Sobek"], ["body", "Actually, I didn't make the claim that Ruby follows the principle of least surprise. Someone felt the design of Ruby follows that philosophy, so they started saying that. I didn't bring that up, actually."], ["created_at", "2019-03-25 20:15:38.520954"], ["updated_at", "2019-03-25 20:15:38.520954"]]
  ↳ db/seeds.rb:2
  [1m[35m (0.2ms)[0m  [1m[35mCOMMIT[0m
  ↳ db/seeds.rb:2
  [1m[35m (0.1ms)[0m  [1m[35mBEGIN[0m
  ↳ db/seeds.rb:2
  [1m[36mBlog Create (0.2ms)[0m  [1m[32mINSERT INTO "blogs" ("title", "body", "created_at", "updated_at") VALUES ($1, $2, $3, $4) RETURNING "id"[0m  [["title", "Hollow"], ["body", "Man is driven to create; I know I really love to create things. And while I'm not good at painting, drawing, or music, I can write software."], ["created_at", "2019-03-25 20:15:38.522183"], ["updated_at", "2019-03-25 20:15:38.522183"]]
  ↳ db/seeds.rb:2
  [1m[35m (0.3ms)[0m  [1m[35mCOMMIT[0m
  ↳ db/seeds.rb:2
  [1m[35m (0.1ms)[0m  [1m[35mBEGIN[0m
  ↳ db/seeds.rb:2
  [1m[36mBlog Create (0.3ms)[0m  [1m[32mINSERT INTO "blogs" ("title", "body", "created_at", "updated_at") VALUES ($1, $2, $3, $4) RETURNING "id"[0m  [["title", "Moonstone"], ["body", "Actually, I didn't make the claim that Ruby follows the principle of least surprise. Someone felt the design of Ruby follows that philosophy, so they started saying that. I didn't bring that up, actually."], ["created_at", "2019-03-25 20:15:38.523535"], ["updated_at", "2019-03-25 20:15:38.523535"]]
  ↳ db/seeds.rb:2
  [1m[35m (0.3ms)[0m  [1m[35mCOMMIT[0m
  ↳ db/seeds.rb:2
  [1m[35m (0.1ms)[0m  [1m[35mBEGIN[0m
  ↳ db/seeds.rb:2
  [1m[36mBlog Create (0.2ms)[0m  [1m[32mINSERT INTO "blogs" ("title", "body", "created_at", "updated_at") VALUES ($1, $2, $3, $4) RETURNING "id"[0m  [["title", "Supah Punisher"], ["body", "I believe consistency and orthogonality are tools of design, not the primary goal in design."], ["created_at", "2019-03-25 20:15:38.524957"], ["updated_at", "2019-03-25 20:15:38.524957"]]
  ↳ db/seeds.rb:2
  [1m[35m (0.3ms)[0m  [1m[35mCOMMIT[0m
  ↳ db/seeds.rb:2
  [1m[35m (0.1ms)[0m  [1m[35mBEGIN[0m
  ↳ db/seeds.rb:2
  [1m[36mBlog Create (0.2ms)[0m  [1m[32mINSERT INTO "blogs" ("title", "body", "created_at", "updated_at") VALUES ($1, $2, $3, $4) RETURNING "id"[0m  [["title", "Mr Deathlok"], ["body", "Because of the Turing completeness theory, everything one Turing-complete language can do can theoretically be done by another Turing-complete language, but at a different cost. You can do everything in assembler, but no one wants to program in assembler anymore."], ["created_at", "2019-03-25 20:15:38.526343"], ["updated_at", "2019-03-25 20:15:38.526343"]]
  ↳ db/seeds.rb:2
  [1m[35m (0.3ms)[0m  [1m[35mCOMMIT[0m
  ↳ db/seeds.rb:2
